<?xml version="1.0" encoding="UTF-8"?>
<testng-results skipped="0" failed="0" ignored="0" total="1" passed="1">
  <reporter-output>
  </reporter-output>
  <suite name="Suite" duration-ms="19832" started-at="2021-11-20T20:50:31Z" finished-at="2021-11-20T20:50:51Z">
    <groups>
    </groups>
    <test name="Test" duration-ms="19832" started-at="2021-11-20T20:50:31Z" finished-at="2021-11-20T20:50:51Z">
      <class name="Testcase.TC001veriyLogin">
        <test-method status="PASS" signature="setUp()[pri:0, instance:Testcase.TC001veriyLogin@1936f0f5]" name="setUp" is-config="true" duration-ms="9629" started-at="2021-11-20T15:50:31Z" finished-at="2021-11-20T15:50:41Z">
          <reporter-output>
          </reporter-output>
        </test-method> <!-- setUp -->
        <test-method status="PASS" signature="verifyLogin()[pri:0, instance:Testcase.TC001veriyLogin@1936f0f5]" name="verifyLogin" duration-ms="9109" started-at="2021-11-20T15:50:41Z" finished-at="2021-11-20T15:50:50Z">
          <reporter-output>
          </reporter-output>
        </test-method> <!-- verifyLogin -->
        <test-method status="PASS" signature="tearDown()[pri:0, instance:Testcase.TC001veriyLogin@1936f0f5]" name="tearDown" is-config="true" duration-ms="1028" started-at="2021-11-20T15:50:50Z" finished-at="2021-11-20T15:50:51Z">
          <reporter-output>
          </reporter-output>
        </test-method> <!-- tearDown -->
      </class> <!-- Testcase.TC001veriyLogin -->
    </test> <!-- Test -->
  </suite> <!-- Suite -->
</testng-results>
