<?xml version="1.0" encoding="UTF-8"?>
<testng-results skipped="0" failed="0" ignored="0" total="1" passed="1">
  <reporter-output>
  </reporter-output>
  <suite name="Default suite" duration-ms="17449" started-at="2021-11-20T20:46:31Z" finished-at="2021-11-20T20:46:49Z">
    <groups>
    </groups>
    <test name="Default test" duration-ms="17449" started-at="2021-11-20T20:46:31Z" finished-at="2021-11-20T20:46:49Z">
      <class name="Testcase.TC001veriyLogin">
        <test-method status="PASS" signature="setUp()[pri:0, instance:Testcase.TC001veriyLogin@2d928643]" name="setUp" is-config="true" duration-ms="8149" started-at="2021-11-20T20:46:31Z" finished-at="2021-11-20T20:46:40Z">
          <reporter-output>
          </reporter-output>
        </test-method> <!-- setUp -->
        <test-method status="PASS" signature="verifyLogin()[pri:0, instance:Testcase.TC001veriyLogin@2d928643]" name="verifyLogin" duration-ms="8269" started-at="2021-11-20T20:46:40Z" finished-at="2021-11-20T20:46:48Z">
          <reporter-output>
          </reporter-output>
        </test-method> <!-- verifyLogin -->
        <test-method status="PASS" signature="tearDown()[pri:0, instance:Testcase.TC001veriyLogin@2d928643]" name="tearDown" is-config="true" duration-ms="958" started-at="2021-11-20T20:46:48Z" finished-at="2021-11-20T20:46:49Z">
          <reporter-output>
          </reporter-output>
        </test-method> <!-- tearDown -->
      </class> <!-- Testcase.TC001veriyLogin -->
    </test> <!-- Default test -->
  </suite> <!-- Default suite -->
</testng-results>
